0 verbose cli /usr/local/bin/node /usr/local/bin/npm
1 info using npm@10.7.0
2 info using node@v20.15.0
3 silly config:load:file:/usr/local/lib/node_modules/npm/npmrc
4 silly config:load:file:/Users/benhuang/Mygit/Myangular/todotest/.npmrc
5 silly config:load:file:/Users/benhuang/.npmrc
6 silly config:load:file:/usr/local/etc/npmrc
7 verbose title npm install
8 verbose argv "install" "--online" "--cache" "”/Users/benhuang/Mygit/Myangular“"
9 verbose logfile logs-max:10 dir:/Users/benhuang/Mygit/Myangular/todotest/”/Users/benhuang/Mygit/Myangular“/_logs/2024-06-26T06_38_17_156Z-
10 verbose logfile /Users/benhuang/Mygit/Myangular/todotest/”/Users/benhuang/Mygit/Myangular“/_logs/2024-06-26T06_38_17_156Z-debug-0.log
11 silly logfile done cleaning log files
12 silly idealTree buildDeps
13 silly reify moves {}
14 verbose stack Error: EACCES: permission denied, mkdir '/Users/benhuang/Mygit/Myangular/todotest/node_modules/esbuild-android-64'
14 verbose stack     at async mkdir (node:internal/fs/promises:858:10)
14 verbose stack     at async /usr/local/lib/node_modules/npm/node_modules/@npmcli/arborist/lib/arborist/reify.js:624:20
14 verbose stack     at async Promise.allSettled (index 0)
14 verbose stack     at async [reifyPackages] (/usr/local/lib/node_modules/npm/node_modules/@npmcli/arborist/lib/arborist/reify.js:325:11)
14 verbose stack     at async Arborist.reify (/usr/local/lib/node_modules/npm/node_modules/@npmcli/arborist/lib/arborist/reify.js:142:5)
14 verbose stack     at async Install.exec (/usr/local/lib/node_modules/npm/lib/commands/install.js:150:5)
14 verbose stack     at async module.exports (/usr/local/lib/node_modules/npm/lib/cli/entry.js:74:5)
15 verbose cwd /Users/benhuang/Mygit/Myangular/todotest
16 verbose Darwin 22.6.0
17 verbose node v20.15.0
18 verbose npm  v10.7.0
19 error code EACCES
20 error syscall mkdir
21 error path /Users/benhuang/Mygit/Myangular/todotest/node_modules/esbuild-android-64
22 error errno -13
23 error Error: EACCES: permission denied, mkdir '/Users/benhuang/Mygit/Myangular/todotest/node_modules/esbuild-android-64'
23 error     at async mkdir (node:internal/fs/promises:858:10)
23 error     at async /usr/local/lib/node_modules/npm/node_modules/@npmcli/arborist/lib/arborist/reify.js:624:20
23 error     at async Promise.allSettled (index 0)
23 error     at async [reifyPackages] (/usr/local/lib/node_modules/npm/node_modules/@npmcli/arborist/lib/arborist/reify.js:325:11)
23 error     at async Arborist.reify (/usr/local/lib/node_modules/npm/node_modules/@npmcli/arborist/lib/arborist/reify.js:142:5)
23 error     at async Install.exec (/usr/local/lib/node_modules/npm/lib/commands/install.js:150:5)
23 error     at async module.exports (/usr/local/lib/node_modules/npm/lib/cli/entry.js:74:5) {
23 error   errno: -13,
23 error   code: 'EACCES',
23 error   syscall: 'mkdir',
23 error   path: '/Users/benhuang/Mygit/Myangular/todotest/node_modules/esbuild-android-64'
23 error }
24 error
24 error The operation was rejected by your operating system.
24 error It is likely you do not have the permissions to access this file as the current user
24 error
24 error If you believe this might be a permissions issue, please double-check the
24 error permissions of the file and its containing directories, or try running
24 error the command again as root/Administrator.
25 verbose exit -13
26 verbose code -13
27 silly unfinished npm timer reify 1719383897465
28 silly unfinished npm timer reify:createSparse 1719383898098
29 error A complete log of this run can be found in: /Users/benhuang/Mygit/Myangular/todotest/”/Users/benhuang/Mygit/Myangular“/_logs/2024-06-26T06_38_17_156Z-debug-0.log
